<?xml version="1.0" encoding="UTF-8"?>
<!-- Generated by org.testng.reporters.JUnitXMLReporter -->
<testsuite ignored="7" hostname="LAPTOP-T68FTPTK" failures="0" tests="1" name="Default test" time="10.303" errors="0" timestamp="2025-04-17T14:26:08 IST">
  <testcase classname="com.params.SingleParams" name="UrlEncoding" time="10.26"/>
  <testcase classname="com.params.SingleParams" name="test" time="0.0">
    <ignored/>
  </testcase> <!-- test -->
  <testcase classname="com.params.SingleParams" name="MultiPartFormData" time="0.0">
    <ignored/>
  </testcase> <!-- MultiPartFormData -->
  <testcase classname="com.params.SingleParams" name="MultiPartFormDataWithFile" time="0.0">
    <ignored/>
  </testcase> <!-- MultiPartFormDataWithFile -->
  <testcase classname="com.params.SingleParams" name="test3" time="0.0">
    <ignored/>
  </testcase> <!-- test3 -->
  <testcase classname="com.params.SingleParams" name="test2" time="0.0">
    <ignored/>
  </testcase> <!-- test2 -->
  <testcase classname="com.params.SingleParams" name="testFileDownload" time="0.0">
    <ignored/>
  </testcase> <!-- testFileDownload -->
  <testcase classname="com.params.SingleParams" name="pathParams" time="0.0">
    <ignored/>
  </testcase> <!-- pathParams -->
</testsuite> <!-- Default test -->
