<?xml version="1.0" encoding="UTF-8"?>
<testng-results ignored="7" total="8" passed="1" failed="0" skipped="0">
  <reporter-output>
  </reporter-output>
  <suite started-at="2025-04-17T14:25:57 IST" name="Default suite" finished-at="2025-04-17T14:26:07 IST" duration-ms="10303">
    <groups>
    </groups>
    <test started-at="2025-04-17T14:25:57 IST" name="Default test" finished-at="2025-04-17T14:26:07 IST" duration-ms="10303">
      <class name="com.params.SingleParams">
        <test-method signature="UrlEncoding()[pri:0, instance:com.params.SingleParams@4efbca5a]" started-at="2025-04-17T14:25:57 IST" name="UrlEncoding" finished-at="2025-04-17T14:26:07 IST" duration-ms="10260" status="PASS">
          <reporter-output>
          </reporter-output>
        </test-method> <!-- UrlEncoding -->
      </class> <!-- com.params.SingleParams -->
    </test> <!-- Default test -->
  </suite> <!-- Default suite -->
</testng-results>
