<?xml version="1.0" encoding="UTF-8"?>
<testng-results ignored="0" total="1" passed="1" failed="0" skipped="0">
  <reporter-output>
  </reporter-output>
  <suite started-at="2025-04-03T17:08:16 IST" name="Default suite" finished-at="2025-04-03T17:08:20 IST" duration-ms="4193">
    <groups>
    </groups>
    <test started-at="2025-04-03T17:08:16 IST" name="Default test" finished-at="2025-04-03T17:08:20 IST" duration-ms="4193">
      <class name="com.payload.as.file.ComplexReq">
        <test-method is-config="true" signature="beforClassSetp()[pri:0, instance:com.payload.as.file.ComplexReq@235834f2]" started-at="2025-04-03T17:08:16 IST" name="beforClassSetp" finished-at="2025-04-03T17:08:17 IST" duration-ms="512" status="PASS">
          <reporter-output>
          </reporter-output>
        </test-method> <!-- beforClassSetp -->
        <test-method signature="JsonTestCase()[pri:0, instance:com.payload.as.file.ComplexReq@235834f2]" started-at="2025-04-03T17:08:17 IST" name="JsonTestCase" finished-at="2025-04-03T17:08:20 IST" duration-ms="3646" status="PASS">
          <reporter-output>
          </reporter-output>
        </test-method> <!-- JsonTestCase -->
      </class> <!-- com.payload.as.file.ComplexReq -->
    </test> <!-- Default test -->
  </suite> <!-- Default suite -->
</testng-results>
